The mean/std for all losses is:  0.9751257274571181 / 0.8195232944971793
Fold: 1/5. Update 2/100, Loss: 0.051252592355012894
The mean/std for all losses is:  0.23103792684119157 / 0.6014285915867568
Fold: 1/5. Update 3/100, Loss: 2.313356876373291
The mean/std for all losses is:  0.3691637274287955 / 0.6572362385600692
Fold: 1/5. Update 4/100, Loss: 0.28138667345046997
The mean/std for all losses is:  0.1843005649751659 / 0.2841657388948495
Fold: 1/5. Update 5/100, Loss: 0.16829262673854828
The mean/std for all losses is:  0.10800654085510793 / 0.1279818625990319
Fold: 1/5. Update 6/100, Loss: 0.05893124267458916
The mean/std for all losses is:  0.08375380729554943 / 0.06660919499822028
Fold: 1/5. Update 7/100, Loss: 0.036308903247117996
The mean/std for all losses is:  0.03932978990910948 / 0.04713997907310899
Fold: 1/5. Update 8/100, Loss: 0.09913516789674759
The mean/std for all losses is:  0.04969237531291231 / 0.051021862447013185
Fold: 1/5. Update 9/100, Loss: 0.016877761110663414
The mean/std for all losses is:  0.03345173725645569 / 0.04242016822980314
Fold: 1/5. Update 10/100, Loss: 0.07999324798583984
The mean/std for all losses is:  0.04755824681264113 / 0.043642193434139324
Fold: 1/5. Update 11/100, Loss: 0.011995023116469383
The mean/std for all losses is:  0.03129628713962421 / 0.0401293639593502
Fold: 1/5. Update 12/100, Loss: 0.08168862015008926
The mean/std for all losses is:  0.052514124615409205 / 0.04245433856097608
Fold: 1/5. Update 13/100, Loss: 0.015487235970795155
The mean/std for all losses is:  0.02487635779358483 / 0.03346941756348196
Fold: 1/5. Update 14/100, Loss: 0.10766080766916275
The mean/std for all losses is:  0.05705092831949158 / 0.04737663706118387
Fold: 1/5. Update 15/100, Loss: 0.010897818021476269
The mean/std for all losses is:  0.021674787866983174 / 0.031178478348536723
Fold: 1/5. Update 16/100, Loss: 0.07583556324243546
The mean/std for all losses is:  0.04429989008212419 / 0.0349470089418876
Fold: 1/5. Update 17/100, Loss: 0.012329629622399807
The mean/std for all losses is:  0.02026389971061389 / 0.029589314890325714
Fold: 1/5. Update 18/100, Loss: 0.006558198016136885
The mean/std for all losses is:  0.024762786486268246 / 0.02312011479250263
Fold: 1/5. Update 19/100, Loss: 0.04298476502299309
The mean/std for all losses is:  0.02509953398365089 / 0.038184266316613064
Fold: 1/5. Update 20/100, Loss: 0.053399600088596344
The mean/std for all losses is:  0.038029890452509214 / 0.036590482599500145
Fold: 1/5. Update 21/100, Loss: 0.0269947350025177
The mean/std for all losses is:  0.011461003181492912 / 0.019924777426627287
Fold: 1/5. Update 22/100, Loss: 0.0012125466018915176
The mean/std for all losses is:  0.020667169843527903 / 0.021937819497255547
Fold: 1/5. Update 23/100, Loss: 0.001709182746708393
The mean/std for all losses is:  0.0120290146145244 / 0.015865631763642356
Fold: 1/5. Update 24/100, Loss: 0.0026414901949465275
The mean/std for all losses is:  0.010971921671939932 / 0.01536998610421331
Fold: 1/5. Update 25/100, Loss: 0.0040069520473480225
The mean/std for all losses is:  0.008302464327459775 / 0.011862653946477364
Fold: 1/5. Update 26/100, Loss: 0.002475655870512128
The mean/std for all losses is:  0.008761999811992893 / 0.014932610352670192
Fold: 1/5. Update 27/100, Loss: 0.001368646277114749
The mean/std for all losses is:  0.00532476603979497 / 0.007322722788090191
Fold: 1/5. Update 28/100, Loss: 0.0033255822490900755
The mean/std for all losses is:  0.0124167031357132 / 0.013324520620115163
Fold: 1/5. Update 29/100, Loss: 0.001721557229757309
The mean/std for all losses is:  0.003924630999470066 / 0.007837131340018295
Fold: 1/5. Update 30/100, Loss: 0.007048209197819233
The mean/std for all losses is:  0.003633590191615556 / 0.006137918532901219
Fold: 1/5. Update 31/100, Loss: 0.002029990078881383
The mean/std for all losses is:  0.002400090162887334 / 0.004550453952684499
Fold: 1/5. Update 32/100, Loss: 0.011035262607038021
The mean/std for all losses is:  0.003097829060239979 / 0.005353876225195589
Fold: 1/5. Update 33/100, Loss: 0.0014910995960235596
The mean/std for all losses is:  0.0034098425480259173 / 0.006955698237161889
Fold: 1/5. Update 34/100, Loss: 0.003561353078112006
The mean/std for all losses is:  0.0017517356555314097 / 0.003982108299779162
Fold: 1/5. Update 35/100, Loss: 0.003108508186414838
The mean/std for all losses is:  0.0019297198716359224 / 0.00256838868909708
Fold: 1/5. Update 36/100, Loss: 0.00943839829415083
The mean/std for all losses is:  0.0026459564840299373 / 0.004343389524161433
Fold: 1/5. Update 37/100, Loss: 0.005108263343572617
The mean/std for all losses is:  0.004337278195287513 / 0.0046162556204223226
Fold: 1/5. Update 38/100, Loss: 0.015100555494427681
The mean/std for all losses is:  0.0061105579658913695 / 0.008009516295045042
Fold: 1/5. Update 39/100, Loss: 0.04058162495493889
The mean/std for all losses is:  0.0074196587577746755 / 0.009017712717974568
Fold: 1/5. Update 40/100, Loss: 0.013099267147481441
The mean/std for all losses is:  0.012361991199302948 / 0.015411698065138571
Fold: 1/5. Update 41/100, Loss: 0.0016636621439829469
The mean/std for all losses is:  0.003870041450233793 / 0.0076452192446555415
Fold: 1/5. Update 42/100, Loss: 0.00033828840241767466
The mean/std for all losses is:  0.003083154017413742 / 0.0036890557409004275
Fold: 1/5. Update 43/100, Loss: 0.0029053203761577606
The mean/std for all losses is:  0.01058516163389801 / 0.014502417137414344
Fold: 1/5. Update 44/100, Loss: 0.00580039294436574
The mean/std for all losses is:  0.004353336415063673 / 0.006625510141006052
Fold: 1/5. Update 45/100, Loss: 0.000227013835683465
The mean/std for all losses is:  0.0036394974363410347 / 0.007232440879985584
Fold: 1/5. Update 46/100, Loss: 0.0018665066454559565
The mean/std for all losses is:  0.007688496776478286 / 0.01036154022804576
Fold: 1/5. Update 47/100, Loss: 0.007807654328644276
The mean/std for all losses is:  0.006924655193526596 / 0.008799599977487678
Fold: 1/5. Update 48/100, Loss: 0.009427708573639393
The mean/std for all losses is:  0.005666152305203848 / 0.005546553302580959
Fold: 1/5. Update 49/100, Loss: 0.0006505980272777379
The mean/std for all losses is:  0.004175675602576221 / 0.0047223951850511635
Fold: 1/5. Update 50/100, Loss: 0.0007132681203074753
The mean/std for all losses is:  0.004437923734198092 / 0.005215884260818507
Fold: 1/5. Update 51/100, Loss: 0.001532763591967523
The mean/std for all losses is:  0.010477402579641219 / 0.013225803313416731
Fold: 1/5. Update 52/100, Loss: 0.0987226590514183
The mean/std for all losses is:  0.012082821870533946 / 0.02590276044681573
Fold: 1/5. Update 53/100, Loss: 0.05488085374236107
The mean/std for all losses is:  0.00970979261470737 / 0.016930093035176823
Fold: 1/5. Update 54/100, Loss: 0.001296503935009241
The mean/std for all losses is:  0.0034825514868291863 / 0.0051810069434589925
Fold: 1/5. Update 55/100, Loss: 0.050038862973451614
The mean/std for all losses is:  0.011794885137033603 / 0.013873648453219622
Fold: 1/5. Update 56/100, Loss: 0.04573943093419075
The mean/std for all losses is:  0.007145975078606419 / 0.011261366705647008
Fold: 1/5. Update 57/100, Loss: 0.011868026107549667
The mean/std for all losses is:  0.004448965191963635 / 0.007317619942939305
Fold: 1/5. Update 58/100, Loss: 0.0006716704810969532
The mean/std for all losses is:  0.0026935021845820046 / 0.004727913371444857
Fold: 1/5. Update 59/100, Loss: 0.0013591427123174071
The mean/std for all losses is:  0.0029496315500552946 / 0.004776763381487227
Fold: 1/5. Update 60/100, Loss: 0.0052203042432665825
The mean/std for all losses is:  0.008185553584139426 / 0.010629270014488905
Fold: 1/5. Update 61/100, Loss: 0.0010065671522170305
The mean/std for all losses is:  0.003529579310259625 / 0.006172211701353459
Fold: 1/5. Update 62/100, Loss: 0.002919295337051153
The mean/std for all losses is:  0.002425095012843593 / 0.0027229604688831168
Fold: 1/5. Update 63/100, Loss: 0.015039998106658459
The mean/std for all losses is:  0.0042726808108956 / 0.0056047496422617455
Fold: 1/5. Update 64/100, Loss: 0.010443535633385181
The mean/std for all losses is:  0.005171867912238949 / 0.007143607585383257
Fold: 1/5. Update 65/100, Loss: 0.010387485846877098
The mean/std for all losses is:  0.0036707004586094163 / 0.005592674897562158
Fold: 1/5. Update 66/100, Loss: 0.02305673062801361
The mean/std for all losses is:  0.008657857395907638 / 0.012216324407301539
Fold: 1/5. Update 67/100, Loss: 0.039576444774866104
The mean/std for all losses is:  0.012503100312361593 / 0.011506126900222825
Fold: 1/5. Update 68/100, Loss: 0.010193859227001667
The mean/std for all losses is:  0.004874902597507606 / 0.00828419779646935
Fold: 1/5. Update 69/100, Loss: 0.007695124484598637
The mean/std for all losses is:  0.0038446976606612256 / 0.006008273113484308
Fold: 1/5. Update 70/100, Loss: 0.012142076157033443
The mean/std for all losses is:  0.004109154723013376 / 0.006940195668287908
Fold: 1/5. Update 71/100, Loss: 0.0178968645632267
The mean/std for all losses is:  0.0037467808160636315 / 0.005987144257557141
Fold: 1/5. Update 72/100, Loss: 0.02678961120545864
The mean/std for all losses is:  0.0040927853394267825 / 0.007174198181097804
Fold: 1/5. Update 73/100, Loss: 0.0037306174635887146
The mean/std for all losses is:  0.002432917903154661 / 0.003839854298430431
Fold: 1/5. Update 74/100, Loss: 0.0002274497674079612
The mean/std for all losses is:  0.0025124340439603107 / 0.004715755629210046
Fold: 1/5. Update 75/100, Loss: 0.004507012665271759
The mean/std for all losses is:  0.0060840755450133005 / 0.008617320570004092
Fold: 1/5. Update 76/100, Loss: 0.00512817082926631
The mean/std for all losses is:  0.007735036080905577 / 0.012715493007454379
Fold: 1/5. Update 77/100, Loss: 0.014894734136760235
The mean/std for all losses is:  0.009691268274961641 / 0.011183632225890361
Fold: 1/5. Update 78/100, Loss: 0.000838021282106638
The mean/std for all losses is:  0.005952741381961008 / 0.009051371254436405
Fold: 1/5. Update 79/100, Loss: 0.002687436528503895
The mean/std for all losses is:  0.009301080847369084 / 0.012453920060185609
Fold: 1/5. Update 80/100, Loss: 0.004286620765924454
The mean/std for all losses is:  0.014365532143932247 / 0.017386898620203536
Fold: 1/5. Update 81/100, Loss: 0.0033727088011801243
The mean/std for all losses is:  0.011924108861161548 / 0.02029858532708256
Fold: 1/5. Update 82/100, Loss: 0.0033723905216902494
The mean/std for all losses is:  0.005197113843225116 / 0.0069062767889730235
Fold: 1/5. Update 83/100, Loss: 0.0015729984734207392
The mean/std for all losses is:  0.0047440842875781306 / 0.007139924785079855
Fold: 1/5. Update 84/100, Loss: 0.00338139571249485
The mean/std for all losses is:  0.0015040686015131788 / 0.003657844993502045
Fold: 1/5. Update 85/100, Loss: 0.017139391973614693
The mean/std for all losses is:  0.003153379263955318 / 0.005374438994569386
Fold: 1/5. Update 86/100, Loss: 0.0007546168053522706
The mean/std for all losses is:  0.00163639761016835 / 0.002169895634499582
Fold: 1/5. Update 87/100, Loss: 0.014605814591050148
The mean/std for all losses is:  0.008524396303702343 / 0.009350301489265765
Fold: 1/5. Update 88/100, Loss: 0.00919634010642767
The mean/std for all losses is:  0.003689120692058489 / 0.005314570280248226
Fold: 1/5. Update 89/100, Loss: 0.012053883634507656
The mean/std for all losses is:  0.0021590053851514622 / 0.004388328807145281
Fold: 1/5. Update 90/100, Loss: 0.003284669714048505
The mean/std for all losses is:  0.0040208419010072495 / 0.004537854401016244
Fold: 1/5. Update 91/100, Loss: 0.0006357874954119325
The mean/std for all losses is:  0.0020768141872837946 / 0.003327727511611095
Fold: 1/5. Update 92/100, Loss: 0.00048636598512530327
The mean/std for all losses is:  0.0020947807365358476 / 0.0034074039160835977
Fold: 1/5. Update 93/100, Loss: 0.0029023722745478153
The mean/std for all losses is:  0.0018942526053860294 / 0.002360730909528782
Fold: 1/5. Update 94/100, Loss: 0.005617160350084305
The mean/std for all losses is:  0.003364637746322651 / 0.004980109171027955
Fold: 1/5. Update 95/100, Loss: 0.025605468079447746
The mean/std for all losses is:  0.004936161310906315 / 0.006557268738060868
Fold: 1/5. Update 96/100, Loss: 0.08074189722537994
The mean/std for all losses is:  0.008620151215422454 / 0.01702458608024112
Fold: 1/5. Update 97/100, Loss: 0.001013169065117836
The mean/std for all losses is:  0.0013697982664668189 / 0.0027128689756526964
Fold: 1/5. Update 98/100, Loss: 0.0036843696143478155
The mean/std for all losses is:  0.0033337365407506594 / 0.006058026151442744
Fold: 1/5. Update 99/100, Loss: 0.01163310557603836
The mean/std for all losses is:  0.0037080610208600324 / 0.008566184666789782
Fold: 1/5. Update 100/100, Loss: 0.002614760771393776
The mean/std for all losses is:  0.0034168256155972404 / 0.006753493893626856
Fold: 1/5. Update 101/100, Loss: 0.02198771946132183
Test Loss  0.20204675197601318
Test Loss  0.9972400832921267
Avg Test Loss: 0.00932000077843109
The mean/std for all losses is:  0.9589389788645135 / 0.8118811564695295
Fold: 2/5. Update 2/100, Loss: 0.011454963125288486
The mean/std for all losses is:  0.2013114116496597 / 0.49262050908303545
Fold: 2/5. Update 3/100, Loss: 2.5152676105499268
The mean/std for all losses is:  0.3202211501064962 / 0.7009028072964627
Fold: 2/5. Update 4/100, Loss: 0.14045341312885284
The mean/std for all losses is:  0.05778130091052851 / 0.061255032550726264
Fold: 2/5. Update 5/100, Loss: 0.03730792924761772
The mean/std for all losses is:  0.049140769045463675 / 0.09387842235131234
Fold: 2/5. Update 6/100, Loss: 0.060329027473926544
The mean/std for all losses is:  0.0854870444768494 / 0.07751457544432036
Fold: 2/5. Update 7/100, Loss: 0.03301280736923218
The mean/std for all losses is:  0.01352109274625999 / 0.021796656416690565
Fold: 2/5. Update 8/100, Loss: 0.0029341455083340406
The mean/std for all losses is:  0.0198401770031265 / 0.022365704440308408
Fold: 2/5. Update 9/100, Loss: 0.01621904782950878
The mean/std for all losses is:  0.038387521250173626 / 0.04711162855341196
Fold: 2/5. Update 10/100, Loss: 0.007644238881766796
The mean/std for all losses is:  0.025294437158038707 / 0.037965436663797196
Fold: 2/5. Update 11/100, Loss: 0.1325964331626892
The mean/std for all losses is:  0.048341487239306556 / 0.04046422452723076
Fold: 2/5. Update 12/100, Loss: 0.02468744106590748
The mean/std for all losses is:  0.027243378522096476 / 0.0329392050483726
Fold: 2/5. Update 13/100, Loss: 0.002945793094113469
The mean/std for all losses is:  0.01464242206630602 / 0.01962454895310231
Fold: 2/5. Update 14/100, Loss: 0.07399781048297882
The mean/std for all losses is:  0.022999363483221822 / 0.028840169230904322
Fold: 2/5. Update 15/100, Loss: 0.021941186860203743
The mean/std for all losses is:  0.017398825048583852 / 0.0119344488491748
Fold: 2/5. Update 16/100, Loss: 0.018423087894916534
The mean/std for all losses is:  0.010282911630947772 / 0.012820571746105298
Fold: 2/5. Update 17/100, Loss: 0.010579029098153114
The mean/std for all losses is:  0.022066078884117046 / 0.02022943064069003
Fold: 2/5. Update 18/100, Loss: 0.009595437906682491
The mean/std for all losses is:  0.009942902341743935 / 0.008726327147986337
Fold: 2/5. Update 19/100, Loss: 0.034778594970703125
The mean/std for all losses is:  0.013588808809600937 / 0.010885271634483372
Fold: 2/5. Update 20/100, Loss: 0.003423855407163501
The mean/std for all losses is:  0.007217443528213206 / 0.008435045840953139
Fold: 2/5. Update 21/100, Loss: 0.011447125114500523
The mean/std for all losses is:  0.013117507020128176 / 0.009974566234144347
Fold: 2/5. Update 22/100, Loss: 0.010593182407319546
The mean/std for all losses is:  0.007550500317265687 / 0.008684203664570098
Fold: 2/5. Update 23/100, Loss: 0.00947629101574421
The mean/std for all losses is:  0.012608972574424596 / 0.010064653604320666
Fold: 2/5. Update 24/100, Loss: 0.01251246128231287
The mean/std for all losses is:  0.008139677126380074 / 0.009205249850043108
Fold: 2/5. Update 25/100, Loss: 0.011397083289921284
The mean/std for all losses is:  0.0136285633269944 / 0.010860783286345911
Fold: 2/5. Update 26/100, Loss: 0.01450834609568119
The mean/std for all losses is:  0.008695641820700343 / 0.009753409585403662
Fold: 2/5. Update 27/100, Loss: 0.011960924603044987
The mean/std for all losses is:  0.01409741660930783 / 0.01120689001799469
Fold: 2/5. Update 28/100, Loss: 0.014987642876803875
The mean/std for all losses is:  0.00858352715300284 / 0.009694863580125246
Fold: 2/5. Update 29/100, Loss: 0.009145588614046574
The mean/std for all losses is:  0.01290256796874286 / 0.009907656880028827
Fold: 2/5. Update 30/100, Loss: 0.012280750088393688
The mean/std for all losses is:  0.007885078265682537 / 0.009215825799398782
Fold: 2/5. Update 31/100, Loss: 0.01089586690068245
The mean/std for all losses is:  0.013959860604112263 / 0.010683421638318882
Fold: 2/5. Update 32/100, Loss: 0.01209439430385828
The mean/std for all losses is:  0.007547263463801628 / 0.008740798430866554
Fold: 2/5. Update 33/100, Loss: 0.010006118565797806
The mean/std for all losses is:  0.013099606485896349 / 0.009579516146248931
Fold: 2/5. Update 34/100, Loss: 0.01072489470243454
The mean/std for all losses is:  0.007127676352110598 / 0.008512250174448815
Fold: 2/5. Update 35/100, Loss: 0.010492854751646519
The mean/std for all losses is:  0.013149623339125838 / 0.01014995654158971
Fold: 2/5. Update 36/100, Loss: 0.013855432160198689
The mean/std for all losses is:  0.008193667730578027 / 0.00928881357589426
Fold: 2/5. Update 37/100, Loss: 0.009311884641647339
The mean/std for all losses is:  0.01257043271046414 / 0.009798669990335645
Fold: 2/5. Update 38/100, Loss: 0.013145651668310165
The mean/std for all losses is:  0.007895818901216036 / 0.00910925412367612
Fold: 2/5. Update 39/100, Loss: 0.010581906884908676
The mean/std for all losses is:  0.013221284402673466 / 0.010025092633673838
Fold: 2/5. Update 40/100, Loss: 0.013902676291763783
The mean/std for all losses is:  0.008262354874444731 / 0.009318744590701285
Fold: 2/5. Update 41/100, Loss: 0.011101603507995605
The mean/std for all losses is:  0.012973891757702773 / 0.009643316301222293
Fold: 2/5. Update 42/100, Loss: 0.012118250131607056
The mean/std for all losses is:  0.00701358204636566 / 0.008366545186963907
Fold: 2/5. Update 43/100, Loss: 0.010343407280743122
The mean/std for all losses is:  0.012378898522281226 / 0.009957087925069273
Fold: 2/5. Update 44/100, Loss: 0.01538587175309658
The mean/std for all losses is:  0.008050222417323043 / 0.009195056400058669
Fold: 2/5. Update 45/100, Loss: 0.011417080648243427
The mean/std for all losses is:  0.013241417723617267 / 0.01002017097245595
Fold: 2/5. Update 46/100, Loss: 0.016402559354901314
The mean/std for all losses is:  0.008282814993820546 / 0.009264040359719
Fold: 2/5. Update 47/100, Loss: 0.005877016112208366
The mean/std for all losses is:  0.009855365650491341 / 0.00809753400137981
Fold: 2/5. Update 48/100, Loss: 0.011196275241672993
The mean/std for all losses is:  0.0066631555019269146 / 0.008108646150986321
Fold: 2/5. Update 49/100, Loss: 0.011022825725376606
The mean/std for all losses is:  0.011611690358792176 / 0.009453089533141513
Fold: 2/5. Update 50/100, Loss: 0.013453567400574684
The mean/std for all losses is:  0.007082048986651744 / 0.008337165140663365
Fold: 2/5. Update 51/100, Loss: 0.01104616466909647
The mean/std for all losses is:  0.011859807870880725 / 0.00965767749947095
Fold: 2/5. Update 52/100, Loss: 0.014754687435925007
The mean/std for all losses is:  0.007169436970485141 / 0.008436382942651961
Fold: 2/5. Update 53/100, Loss: 0.010426457971334457
The mean/std for all losses is:  0.011919487772646628 / 0.009743733317615614
Fold: 2/5. Update 54/100, Loss: 0.0147768659517169
The mean/std for all losses is:  0.007262859481228097 / 0.008461286490631149
Fold: 2/5. Update 55/100, Loss: 0.01203098800033331
The mean/std for all losses is:  0.012222496838298331 / 0.009929661294903476
Fold: 2/5. Update 56/100, Loss: 0.014893936924636364
The mean/std for all losses is:  0.007227452133421299 / 0.00836562084678876
Fold: 2/5. Update 57/100, Loss: 0.011171221733093262
The mean/std for all losses is:  0.012049804956172252 / 0.009760443705868387
Fold: 2/5. Update 58/100, Loss: 0.015376897528767586
The mean/std for all losses is:  0.00723978170117148 / 0.008369431434741906
Fold: 2/5. Update 59/100, Loss: 0.0091929966583848
The mean/std for all losses is:  0.011431825640007338 / 0.009396020264431973
Fold: 2/5. Update 60/100, Loss: 0.01470970455557108
The mean/std for all losses is:  0.007201275701279829 / 0.008342705242376274
Fold: 2/5. Update 61/100, Loss: 0.01067696325480938
The mean/std for all losses is:  0.011124056828437675 / 0.009122660250599763
Fold: 2/5. Update 62/100, Loss: 0.014902336522936821
The mean/std for all losses is:  0.006861687084771588 / 0.00806499368125011
Fold: 2/5. Update 63/100, Loss: 0.010362055152654648
The mean/std for all losses is:  0.01115992007282664 / 0.009615735678350688
Fold: 2/5. Update 64/100, Loss: 0.01802757754921913
The mean/std for all losses is:  0.007937804258638052 / 0.008915026584814013
Fold: 2/5. Update 65/100, Loss: 0.010850068181753159
The mean/std for all losses is:  0.01115455721050667 / 0.00883486151670248
Fold: 2/5. Update 66/100, Loss: 0.014905405230820179
The mean/std for all losses is:  0.006652983693426155 / 0.007815847031712281
Fold: 2/5. Update 67/100, Loss: 0.008763657882809639
The mean/std for all losses is:  0.010239737998299194 / 0.008826186358607753
Fold: 2/5. Update 68/100, Loss: 0.017274746671319008
The mean/std for all losses is:  0.007546338713888123 / 0.008617265463681963
Fold: 2/5. Update 69/100, Loss: 0.009905003942549229
The mean/std for all losses is:  0.010541091358311673 / 0.00877181607750942
Fold: 2/5. Update 70/100, Loss: 0.015240952372550964
The mean/std for all losses is:  0.0065604126414767865 / 0.007577537992442687
Fold: 2/5. Update 71/100, Loss: 0.006426110863685608
The mean/std for all losses is:  0.008676860138617778 / 0.007680124370228881
Fold: 2/5. Update 72/100, Loss: 0.014406203292310238
The mean/std for all losses is:  0.0077709776490805516 / 0.008053723127625983
Fold: 2/5. Update 73/100, Loss: 0.010890168137848377
The mean/std for all losses is:  0.011517527630248218 / 0.008145177645119153
Fold: 2/5. Update 74/100, Loss: 0.011986179277300835
The mean/std for all losses is:  0.006011447639098418 / 0.007156861809740421
Fold: 2/5. Update 75/100, Loss: 0.014664612710475922
The mean/std for all losses is:  0.01117093164030982 / 0.010620861317052248
Fold: 2/5. Update 76/100, Loss: 0.0013908790424466133
The mean/std for all losses is:  0.004088508158558518 / 0.006975201665331129
Fold: 2/5. Update 77/100, Loss: 0.005693503655493259
The mean/std for all losses is:  0.00835293869157701 / 0.01123975906399041
Fold: 2/5. Update 78/100, Loss: 0.0005142888403497636
The mean/std for all losses is:  0.0029743903601536286 / 0.0057421555080016855
Fold: 2/5. Update 79/100, Loss: 0.0010900362394750118
The mean/std for all losses is:  0.005052307974555257 / 0.00936551138672682
Fold: 2/5. Update 80/100, Loss: 0.0019104589009657502
The mean/std for all losses is:  0.004320691799264162 / 0.007059855571443873
Fold: 2/5. Update 81/100, Loss: 0.0027682026848196983
The mean/std for all losses is:  0.0054133164070610295 / 0.008961064368364037
Fold: 2/5. Update 82/100, Loss: 0.0009537100559100509
The mean/std for all losses is:  0.013037234712580921 / 0.014415526593081485
Fold: 2/5. Update 83/100, Loss: 0.012943747453391552
The mean/std for all losses is:  0.004181138465305862 / 0.005033281176149144
Fold: 2/5. Update 84/100, Loss: 0.003350288374349475
The mean/std for all losses is:  0.0028575805832320397 / 0.00456520327717144
Fold: 2/5. Update 85/100, Loss: 0.03876170143485069
The mean/std for all losses is:  0.0057970415383866054 / 0.009409599725244222
Fold: 2/5. Update 86/100, Loss: 0.013755581341683865
The mean/std for all losses is:  0.004689453566951175 / 0.007847484736342688
Fold: 2/5. Update 87/100, Loss: 0.008344819769263268
The mean/std for all losses is:  0.0055203940896369165 / 0.01280480526784177
Fold: 2/5. Update 88/100, Loss: 0.011412196792662144
The mean/std for all losses is:  0.0047212401375533964 / 0.008736744433368786
Fold: 2/5. Update 89/100, Loss: 0.003889642655849457
The mean/std for all losses is:  0.004055924309018538 / 0.006346930203841739
Fold: 2/5. Update 90/100, Loss: 0.001651089172810316
The mean/std for all losses is:  0.004043522840830178 / 0.007850091705020804
Fold: 2/5. Update 91/100, Loss: 0.005596363451331854
The mean/std for all losses is:  0.0044134305423524384 / 0.006555005493944674
Fold: 2/5. Update 92/100, Loss: 0.000861280714161694
The mean/std for all losses is:  0.0025597244831277854 / 0.004273812517170931
Fold: 2/5. Update 93/100, Loss: 0.004064113367348909
The mean/std for all losses is:  0.00538138137450196 / 0.008335027392264813
Fold: 2/5. Update 94/100, Loss: 0.014157614670693874
The mean/std for all losses is:  0.0057921046987352755 / 0.006626678111864651
Fold: 2/5. Update 95/100, Loss: 0.009214933030307293
The mean/std for all losses is:  0.0046562800974491916 / 0.014347374195769234
Fold: 2/5. Update 96/100, Loss: 0.0011075135553255677
The mean/std for all losses is:  0.005920513173486818 / 0.014695862834882056
Fold: 2/5. Update 97/100, Loss: 0.007009896449744701
The mean/std for all losses is:  0.0031819110871084805 / 0.006981449218575743
Fold: 2/5. Update 98/100, Loss: 0.025376170873641968
The mean/std for all losses is:  0.003447832713161193 / 0.0055848353549395454
Fold: 2/5. Update 99/100, Loss: 0.016613926738500595
The mean/std for all losses is:  0.007765463752965148 / 0.010953079059356897
Fold: 2/5. Update 100/100, Loss: 0.014852042309939861
The mean/std for all losses is:  0.004169807182238936 / 0.004501120492512229
Fold: 2/5. Update 101/100, Loss: 0.04793325066566467
Test Loss  0.47696739435195923
Test Loss  1.2278766296803951
Avg Test Loss: 0.01158374178943769
The mean/std for all losses is:  0.9252971004611069 / 0.8048262843360441
Fold: 3/5. Update 2/100, Loss: 0.024186352267861366
The mean/std for all losses is:  0.19977406858857888 / 0.4927451442221811
Fold: 3/5. Update 3/100, Loss: 1.8455960750579834
The mean/std for all losses is:  0.21504417974822432 / 0.5198072392165574
Fold: 3/5. Update 4/100, Loss: 0.2511240541934967
The mean/std for all losses is:  0.06447062625111391 / 0.07590951559199721
Fold: 3/5. Update 5/100, Loss: 0.19439442455768585
The mean/std for all losses is:  0.07322357666897861 / 0.09707266895328562
Fold: 3/5. Update 6/100, Loss: 0.2146410346031189
The mean/std for all losses is:  0.07333656588792832 / 0.09145245846597425
Fold: 3/5. Update 7/100, Loss: 0.0771750807762146
The mean/std for all losses is:  0.05484461214091422 / 0.065173432315023
Fold: 3/5. Update 8/100, Loss: 0.10432882606983185
The mean/std for all losses is:  0.05355114770104646 / 0.06231114147395508
Fold: 3/5. Update 9/100, Loss: 0.05430762097239494
The mean/std for all losses is:  0.04247133273755454 / 0.05085050713058811
Fold: 3/5. Update 10/100, Loss: 0.08660650998353958
The mean/std for all losses is:  0.044385041271187434 / 0.046398267637410374
Fold: 3/5. Update 11/100, Loss: 0.03236481174826622
The mean/std for all losses is:  0.02925548678960481 / 0.03732451430959492
Fold: 3/5. Update 12/100, Loss: 0.06911193579435349
The mean/std for all losses is:  0.037187557022410625 / 0.03426192347658117
Fold: 3/5. Update 13/100, Loss: 0.016643397510051727
The mean/std for all losses is:  0.01946617260702704 / 0.02736099306372265
Fold: 3/5. Update 14/100, Loss: 0.08274500072002411
The mean/std for all losses is:  0.041341920393891035 / 0.03992399940766176
Fold: 3/5. Update 15/100, Loss: 0.0348171703517437
The mean/std for all losses is:  0.02534880549596651 / 0.03195524557996432
Fold: 3/5. Update 16/100, Loss: 0.06554704904556274
The mean/std for all losses is:  0.034086555146247574 / 0.031701445106473554
Fold: 3/5. Update 17/100, Loss: 0.021033141762018204
The mean/std for all losses is:  0.02082388248316286 / 0.025929768952457008
Fold: 3/5. Update 18/100, Loss: 0.05254596471786499
The mean/std for all losses is:  0.030259739044434568 / 0.028825189786063497
Fold: 3/5. Update 19/100, Loss: 0.015188122168183327
The mean/std for all losses is:  0.015774307020060472 / 0.021681947854939355
Fold: 3/5. Update 20/100, Loss: 0.05693123862147331
The mean/std for all losses is:  0.03323873649401696 / 0.02533597831693415
Fold: 3/5. Update 21/100, Loss: 0.011615170165896416
The mean/std for all losses is:  0.01353706556962553 / 0.016574567249914695
Fold: 3/5. Update 22/100, Loss: 0.049518898129463196
The mean/std for all losses is:  0.0326539672699584 / 0.02317243378419242
Fold: 3/5. Update 23/100, Loss: 0.014385567046701908
The mean/std for all losses is:  0.01322531122873817 / 0.01745769837264079
Fold: 3/5. Update 24/100, Loss: 0.04725274816155434
The mean/std for all losses is:  0.02606606149876718 / 0.02054999209338888
Fold: 3/5. Update 25/100, Loss: 0.009823882021009922
The mean/std for all losses is:  0.01236955085390625 / 0.015556195484910874
Fold: 3/5. Update 26/100, Loss: 0.03813392296433449
The mean/std for all losses is:  0.024063246532594562 / 0.018089131830121803
Fold: 3/5. Update 27/100, Loss: 0.007539321668446064
The mean/std for all losses is:  0.010114791006282759 / 0.012898145927871125
Fold: 3/5. Update 28/100, Loss: 0.03803586587309837
The mean/std for all losses is:  0.027067057526664537 / 0.018609352741836064
Fold: 3/5. Update 29/100, Loss: 0.013360937125980854
The mean/std for all losses is:  0.011751697830229425 / 0.014376903808780931
Fold: 3/5. Update 30/100, Loss: 0.034737586975097656
The mean/std for all losses is:  0.022255980869653427 / 0.016451387819726052
Fold: 3/5. Update 31/100, Loss: 0.01008137408643961
The mean/std for all losses is:  0.009938990822905412 / 0.012650558463197702
Fold: 3/5. Update 32/100, Loss: 0.026353687047958374
The mean/std for all losses is:  0.019679798418167003 / 0.014370273178009749
Fold: 3/5. Update 33/100, Loss: 0.005724888760596514
The mean/std for all losses is:  0.007493800110987917 / 0.009931465360480271
Fold: 3/5. Update 34/100, Loss: 0.027420487254858017
The mean/std for all losses is:  0.024629797323013916 / 0.015215168336985144
Fold: 3/5. Update 35/100, Loss: 0.010872223414480686
The mean/std for all losses is:  0.008323082349657151 / 0.010324932823839651
Fold: 3/5. Update 36/100, Loss: 0.019579075276851654
The mean/std for all losses is:  0.01891436997354022 / 0.01213955517082938
Fold: 3/5. Update 37/100, Loss: 0.005840104538947344
The mean/std for all losses is:  0.0062383011845256135 / 0.008704308511471784
Fold: 3/5. Update 38/100, Loss: 0.0191006138920784
The mean/std for all losses is:  0.01852965893832708 / 0.012077601733973327
Fold: 3/5. Update 39/100, Loss: 0.005716840270906687
The mean/std for all losses is:  0.0061219443143275334 / 0.00837290776356858
Fold: 3/5. Update 40/100, Loss: 0.012216882780194283
The mean/std for all losses is:  0.016069015965834543 / 0.010227800950308105
Fold: 3/5. Update 41/100, Loss: 0.004816967528313398
The mean/std for all losses is:  0.005355588897386124 / 0.007645528734153919
Fold: 3/5. Update 42/100, Loss: 0.017236623913049698
The mean/std for all losses is:  0.017299544818787954 / 0.011990701917449246
Fold: 3/5. Update 43/100, Loss: 0.01011371985077858
The mean/std for all losses is:  0.007523736316761643 / 0.009568086431407496
Fold: 3/5. Update 44/100, Loss: 0.015961779281497
The mean/std for all losses is:  0.015676579276616715 / 0.011471244381960649
Fold: 3/5. Update 45/100, Loss: 0.006634784862399101
The mean/std for all losses is:  0.0057331507708921195 / 0.00790746577941853
Fold: 3/5. Update 46/100, Loss: 0.005700666457414627
The mean/std for all losses is:  0.008091372959434847 / 0.006569276325980157
Fold: 3/5. Update 47/100, Loss: 0.0032566115260124207
The mean/std for all losses is:  0.009022082790741424 / 0.01110714221221579
Fold: 3/5. Update 48/100, Loss: 0.02258533425629139
The mean/std for all losses is:  0.018188000428775494 / 0.013223748222359801
Fold: 3/5. Update 49/100, Loss: 0.007150175981223583
The mean/std for all losses is:  0.006192122801534129 / 0.00883934474697453
Fold: 3/5. Update 50/100, Loss: 0.015832046046853065
The mean/std for all losses is:  0.019499240619899116 / 0.010931814686414089
Fold: 3/5. Update 51/100, Loss: 0.005325031001120806
The mean/std for all losses is:  0.005954896056419543 / 0.008624209925686301
Fold: 3/5. Update 52/100, Loss: 0.021724561229348183
The mean/std for all losses is:  0.0184772274477644 / 0.01366897282117775
Fold: 3/5. Update 53/100, Loss: 0.017958350479602814
The mean/std for all losses is:  0.01041686840997018 / 0.012498561462016085
Fold: 3/5. Update 54/100, Loss: 0.01882425881922245
The mean/std for all losses is:  0.015966240924490192 / 0.011908013958512884
Fold: 3/5. Update 55/100, Loss: 0.009095837362110615
The mean/std for all losses is:  0.006524561478754869 / 0.008662892290064644
Fold: 3/5. Update 56/100, Loss: 0.015320063568651676
The mean/std for all losses is:  0.014787634747400021 / 0.011068779470925735
Fold: 3/5. Update 57/100, Loss: 0.01012676302343607
The mean/std for all losses is:  0.00693059206984585 / 0.008631571248386531
Fold: 3/5. Update 58/100, Loss: 0.013999597169458866
The mean/std for all losses is:  0.014167243262381817 / 0.01052936262056094
Fold: 3/5. Update 59/100, Loss: 0.009824945591390133
The mean/std for all losses is:  0.006815065162259373 / 0.008644565423183747
Fold: 3/5. Update 60/100, Loss: 0.013966239988803864
The mean/std for all losses is:  0.014019277631977115 / 0.01000707617317197
Fold: 3/5. Update 61/100, Loss: 0.009200060740113258
The mean/std for all losses is:  0.006703418004448184 / 0.008556210059238584
Fold: 3/5. Update 62/100, Loss: 0.011873406358063221
The mean/std for all losses is:  0.01371301256006346 / 0.009408671084969717
Fold: 3/5. Update 63/100, Loss: 0.007472287863492966
The mean/std for all losses is:  0.005966100183225582 / 0.007861696099845515
Fold: 3/5. Update 64/100, Loss: 0.013079320080578327
The mean/std for all losses is:  0.013288087777034567 / 0.009640255376973115
Fold: 3/5. Update 65/100, Loss: 0.009741853922605515
The mean/std for all losses is:  0.0067855801011429615 / 0.008491683944080182
Fold: 3/5. Update 66/100, Loss: 0.012212813831865788
The mean/std for all losses is:  0.013342359882306696 / 0.009457446304965665
Fold: 3/5. Update 67/100, Loss: 0.009760917164385319
The mean/std for all losses is:  0.006646202757306512 / 0.008383851181193443
Fold: 3/5. Update 68/100, Loss: 0.01372590847313404
The mean/std for all losses is:  0.014063392759137915 / 0.009952391928313408
Fold: 3/5. Update 69/100, Loss: 0.008424905128777027
The mean/std for all losses is:  0.005898135321307537 / 0.007473068435090273
Fold: 3/5. Update 70/100, Loss: 0.014237972907721996
The mean/std for all losses is:  0.017718694351774235 / 0.010643178915395126
Fold: 3/5. Update 71/100, Loss: 0.007990187034010887
The mean/std for all losses is:  0.0055234019766753975 / 0.007035713171696991
Fold: 3/5. Update 72/100, Loss: 0.012430896051228046
The mean/std for all losses is:  0.012388317658681926 / 0.009216290855463383
Fold: 3/5. Update 73/100, Loss: 0.01203509233891964
The mean/std for all losses is:  0.007073757292228582 / 0.008680466157772203
Fold: 3/5. Update 74/100, Loss: 0.013729080557823181
The mean/std for all losses is:  0.013790785643881838 / 0.009876358397251773
Fold: 3/5. Update 75/100, Loss: 0.008407833985984325
The mean/std for all losses is:  0.0055806200527320875 / 0.007031835361546791
Fold: 3/5. Update 76/100, Loss: 0.011777989566326141
The mean/std for all losses is:  0.012182638845329432 / 0.009065696029942262
Fold: 3/5. Update 77/100, Loss: 0.010765108279883862
The mean/std for all losses is:  0.006301805676657128 / 0.007708183736696726
Fold: 3/5. Update 78/100, Loss: 0.01518610306084156
The mean/std for all losses is:  0.013496511270105416 / 0.01045111588021772
Fold: 3/5. Update 79/100, Loss: 0.009300022386014462
The mean/std for all losses is:  0.005594804844787927 / 0.006790407978113309
Fold: 3/5. Update 80/100, Loss: 0.011814669705927372
The mean/std for all losses is:  0.012032689889368639 / 0.009059463591045465
Fold: 3/5. Update 81/100, Loss: 0.010612830519676208
The mean/std for all losses is:  0.006115058575400567 / 0.007408954015954738
Fold: 3/5. Update 82/100, Loss: 0.013063039630651474
The mean/std for all losses is:  0.012990677822666278 / 0.00937423148677067
Fold: 3/5. Update 83/100, Loss: 0.008677458390593529
The mean/std for all losses is:  0.005348039320809013 / 0.006691173194769088
Fold: 3/5. Update 84/100, Loss: 0.012341958470642567
The mean/std for all losses is:  0.012743763743106576 / 0.009420583586897078
Fold: 3/5. Update 85/100, Loss: 0.009632591158151627
The mean/std for all losses is:  0.005579097901181573 / 0.00670968455072603
Fold: 3/5. Update 86/100, Loss: 0.009680100716650486
The mean/std for all losses is:  0.011379498996109773 / 0.008616520028787811
Fold: 3/5. Update 87/100, Loss: 0.009794923476874828
The mean/std for all losses is:  0.0057390524269668305 / 0.0069031054964518584
Fold: 3/5. Update 88/100, Loss: 0.013008348643779755
The mean/std for all losses is:  0.012877127066091334 / 0.009451735634841495
Fold: 3/5. Update 89/100, Loss: 0.007139549590647221
The mean/std for all losses is:  0.0043140080361322095 / 0.005614972153652786
Fold: 3/5. Update 90/100, Loss: 0.010589406825602055
The mean/std for all losses is:  0.011552777952186743 / 0.008796717246384375
Fold: 3/5. Update 91/100, Loss: 0.009839641861617565
The mean/std for all losses is:  0.005423352513678653 / 0.006428307063900777
Fold: 3/5. Update 92/100, Loss: 0.008960316888988018
The mean/std for all losses is:  0.010254802269345258 / 0.007918351902759472
Fold: 3/5. Update 93/100, Loss: 0.009200613014400005
The mean/std for all losses is:  0.005292429367150851 / 0.006435207619748698
Fold: 3/5. Update 94/100, Loss: 0.00973848532885313
The mean/std for all losses is:  0.011462644387421974 / 0.008452688353594171
Fold: 3/5. Update 95/100, Loss: 0.00897369533777237
The mean/std for all losses is:  0.0051069926067796615 / 0.006164352599094864
Fold: 3/5. Update 96/100, Loss: 0.008408899419009686
The mean/std for all losses is:  0.010411075240129 / 0.007863361368370857
Fold: 3/5. Update 97/100, Loss: 0.01051860861480236
The mean/std for all losses is:  0.005516047936690644 / 0.006650912657836314
Fold: 3/5. Update 98/100, Loss: 0.01354699581861496
The mean/std for all losses is:  0.012153524159995788 / 0.009744513438377416
Fold: 3/5. Update 99/100, Loss: 0.011673576198518276
The mean/std for all losses is:  0.0057951304392701575 / 0.006554731055045397
Fold: 3/5. Update 100/100, Loss: 0.0076576583087444305
The mean/std for all losses is:  0.010125176974047731 / 0.0073640408992720575
Fold: 3/5. Update 101/100, Loss: 0.008173703216016293
Test Loss  0.2767338752746582
Test Loss  0.6914233826100826
Avg Test Loss: 0.006522862100095119
The mean/std for all losses is:  0.9448634482804867 / 0.8225731232976835
Fold: 4/5. Update 2/100, Loss: 0.039156265556812286
The mean/std for all losses is:  0.22283852166645088 / 0.5443692881217782
Fold: 4/5. Update 3/100, Loss: 2.6682991981506348
The mean/std for all losses is:  0.36483737304560143 / 0.7664188626949658
Fold: 4/5. Update 4/100, Loss: 0.5382470488548279
The mean/std for all losses is:  0.2629458105829524 / 0.3484305389385687
Fold: 4/5. Update 5/100, Loss: 0.12631186842918396
The mean/std for all losses is:  0.13231235949791667 / 0.12104078867756922
Fold: 4/5. Update 6/100, Loss: 0.10265477001667023
The mean/std for all losses is:  0.049369613906030736 / 0.05077042962503876
Fold: 4/5. Update 7/100, Loss: 0.0233466774225235
The mean/std for all losses is:  0.06864112705841441 / 0.07133549556761802
Fold: 4/5. Update 8/100, Loss: 0.08564567565917969
The mean/std for all losses is:  0.05807068110409667 / 0.04580469092204602
Fold: 4/5. Update 9/100, Loss: 0.01279135700315237
The mean/std for all losses is:  0.02179444103562894 / 0.034390064033479974
Fold: 4/5. Update 10/100, Loss: 0.043608658015728
The mean/std for all losses is:  0.021475507501536012 / 0.032314934176808856
Fold: 4/5. Update 11/100, Loss: 0.12608008086681366
The mean/std for all losses is:  0.03186793341011106 / 0.05560253628205514
Fold: 4/5. Update 12/100, Loss: 0.041441529989242554
The mean/std for all losses is:  0.048852420010739146 / 0.043782572030377546
Fold: 4/5. Update 13/100, Loss: 0.06459232419729233
The mean/std for all losses is:  0.015446033161487245 / 0.025018827210192683
Fold: 4/5. Update 14/100, Loss: 0.011527497321367264
The mean/std for all losses is:  0.04177456580274017 / 0.03803469704291851
Fold: 4/5. Update 15/100, Loss: 0.03634404018521309
The mean/std for all losses is:  0.010063747411793094 / 0.016287338901475937
Fold: 4/5. Update 16/100, Loss: 0.008709464222192764
The mean/std for all losses is:  0.02409195771506053 / 0.02080486145473107
Fold: 4/5. Update 17/100, Loss: 0.015357840806245804
The mean/std for all losses is:  0.009589814565448544 / 0.01410966278145781
Fold: 4/5. Update 18/100, Loss: 0.0043671829625964165
The mean/std for all losses is:  0.007638931158357623 / 0.0112773515853584
Fold: 4/5. Update 19/100, Loss: 0.0016082697547972202
The mean/std for all losses is:  0.007688363678289567 / 0.008007982206585206
Fold: 4/5. Update 20/100, Loss: 0.039188653230667114
The mean/std for all losses is:  0.026452174474851584 / 0.02081092704994481
Fold: 4/5. Update 21/100, Loss: 0.018690068274736404
The mean/std for all losses is:  0.01567028768014044 / 0.02103637134957139
Fold: 4/5. Update 22/100, Loss: 0.029301799833774567
The mean/std for all losses is:  0.019175963847990394 / 0.012934346279528611
Fold: 4/5. Update 23/100, Loss: 0.010196356102824211
The mean/std for all losses is:  0.007764657724342883 / 0.010636621983017108
Fold: 4/5. Update 24/100, Loss: 0.020752673968672752
The mean/std for all losses is:  0.0171472756710678 / 0.010901171534219285
Fold: 4/5. Update 25/100, Loss: 0.008350946009159088
The mean/std for all losses is:  0.008275995696828058 / 0.011003536875520067
Fold: 4/5. Update 26/100, Loss: 0.022700710222125053
The mean/std for all losses is:  0.017487121723370632 / 0.011081494617309812
Fold: 4/5. Update 27/100, Loss: 0.0074369041249156
The mean/std for all losses is:  0.006990638975383176 / 0.009863756233389363
Fold: 4/5. Update 28/100, Loss: 0.020670833066105843
The mean/std for all losses is:  0.01709299253500563 / 0.011011706515263071
Fold: 4/5. Update 29/100, Loss: 0.010275479406118393
The mean/std for all losses is:  0.008463576841044328 / 0.010857794401383113
Fold: 4/5. Update 30/100, Loss: 0.023659702390432358
The mean/std for all losses is:  0.017515360733331202 / 0.01132395445883851
Fold: 4/5. Update 31/100, Loss: 0.010300951078534126
The mean/std for all losses is:  0.0075755715288991525 / 0.009907132319216165
Fold: 4/5. Update 32/100, Loss: 0.01636996679008007
The mean/std for all losses is:  0.014673353782558822 / 0.009616714745911813
Fold: 4/5. Update 33/100, Loss: 0.005441461224108934
The mean/std for all losses is:  0.005998961952198388 / 0.008805683776651235
Fold: 4/5. Update 34/100, Loss: 0.018239444121718407
The mean/std for all losses is:  0.015280303272176672 / 0.010017192131380359
Fold: 4/5. Update 35/100, Loss: 0.007523949258029461
The mean/std for all losses is:  0.006328856977021393 / 0.008801928651235531
Fold: 4/5. Update 36/100, Loss: 0.01633085124194622
The mean/std for all losses is:  0.014534890698646583 / 0.009425913282728134
Fold: 4/5. Update 37/100, Loss: 0.0067824856378138065
The mean/std for all losses is:  0.0064048872895270895 / 0.008778762601374787
Fold: 4/5. Update 38/100, Loss: 0.01654450222849846
The mean/std for all losses is:  0.014662355675998643 / 0.009558942104903122
Fold: 4/5. Update 39/100, Loss: 0.00651808874681592
The mean/std for all losses is:  0.005633891603043721 / 0.007947413492656276
Fold: 4/5. Update 40/100, Loss: 0.0139235844835639
The mean/std for all losses is:  0.013358245954079456 / 0.008999878009856285
Fold: 4/5. Update 41/100, Loss: 0.006172581110149622
The mean/std for all losses is:  0.0058497793206914684 / 0.007995989240176136
Fold: 4/5. Update 42/100, Loss: 0.014297762885689735
The mean/std for all losses is:  0.013037370163377204 / 0.008691033241628711
Fold: 4/5. Update 43/100, Loss: 0.007987963035702705
The mean/std for all losses is:  0.006223848694163441 / 0.008162605213801556
Fold: 4/5. Update 44/100, Loss: 0.014009191654622555
The mean/std for all losses is:  0.012827513108797126 / 0.008535983812697398
Fold: 4/5. Update 45/100, Loss: 0.006184704136103392
The mean/std for all losses is:  0.005417409978676714 / 0.007480571447951301
Fold: 4/5. Update 46/100, Loss: 0.013063824735581875
The mean/std for all losses is:  0.012437807028442128 / 0.008323320749658062
Fold: 4/5. Update 47/100, Loss: 0.006455352995544672
The mean/std for all losses is:  0.005458640874022214 / 0.007454162139955738
Fold: 4/5. Update 48/100, Loss: 0.013123433105647564
The mean/std for all losses is:  0.012980455501575802 / 0.008695431821357718
Fold: 4/5. Update 49/100, Loss: 0.00758883124217391
The mean/std for all losses is:  0.005819289967500033 / 0.007619177774633568
Fold: 4/5. Update 50/100, Loss: 0.013046493753790855
The mean/std for all losses is:  0.012344046814261895 / 0.008456328904508004
Fold: 4/5. Update 51/100, Loss: 0.00863422267138958
The mean/std for all losses is:  0.006331634496163934 / 0.007908925023626726
Fold: 4/5. Update 52/100, Loss: 0.01181322243064642
The mean/std for all losses is:  0.012446308095765638 / 0.008181325353011923
Fold: 4/5. Update 53/100, Loss: 0.0075539289973676205
The mean/std for all losses is:  0.005776799337684358 / 0.0075576731534465055
Fold: 4/5. Update 54/100, Loss: 0.01602083258330822
The mean/std for all losses is:  0.013371833854469729 / 0.009443238216284148
Fold: 4/5. Update 55/100, Loss: 0.01101440005004406
The mean/std for all losses is:  0.0063886360019950635 / 0.00782233809551684
Fold: 4/5. Update 56/100, Loss: 0.012250129133462906
The mean/std for all losses is:  0.012088081034595695 / 0.00805527678607563
Fold: 4/5. Update 57/100, Loss: 0.007190470118075609
The mean/std for all losses is:  0.0052095881571819335 / 0.006947571611150863
Fold: 4/5. Update 58/100, Loss: 0.012332750484347343
The mean/std for all losses is:  0.011262433415904032 / 0.008023273245154264
Fold: 4/5. Update 59/100, Loss: 0.009658316150307655
The mean/std for all losses is:  0.006112288860256954 / 0.007517390004330348
Fold: 4/5. Update 60/100, Loss: 0.013269774615764618
The mean/std for all losses is:  0.011963141333416763 / 0.008105991915537044
Fold: 4/5. Update 61/100, Loss: 0.008253523148596287
The mean/std for all losses is:  0.00539414184859157 / 0.006924332396558291
Fold: 4/5. Update 62/100, Loss: 0.009853755123913288
The mean/std for all losses is:  0.011280049075930847 / 0.007840360796403836
Fold: 4/5. Update 63/100, Loss: 0.00967330951243639
The mean/std for all losses is:  0.006176908892347964 / 0.007477723693915913
Fold: 4/5. Update 64/100, Loss: 0.01356420200318098
The mean/std for all losses is:  0.011700572371419452 / 0.00809216227176814
Fold: 4/5. Update 65/100, Loss: 0.009076294489204884
The mean/std for all losses is:  0.005464253661685849 / 0.006838551922945612
Fold: 4/5. Update 66/100, Loss: 0.009938240051269531
The mean/std for all losses is:  0.01078086666493351 / 0.007435301269207322
Fold: 4/5. Update 67/100, Loss: 0.009605434723198414
The mean/std for all losses is:  0.006000586683025091 / 0.007319278842129278
Fold: 4/5. Update 68/100, Loss: 0.011796558275818825
The mean/std for all losses is:  0.010735527837066088 / 0.00785602338260373
Fold: 4/5. Update 69/100, Loss: 0.012291465885937214
The mean/std for all losses is:  0.006230274497762259 / 0.007416532901715797
Fold: 4/5. Update 70/100, Loss: 0.009134531952440739
The mean/std for all losses is:  0.009724032066440031 / 0.006926670407749075
Fold: 4/5. Update 71/100, Loss: 0.008732564747333527
The mean/std for all losses is:  0.005341027393815573 / 0.006701720989801145
Fold: 4/5. Update 72/100, Loss: 0.014055559411644936
The mean/std for all losses is:  0.011353155365374184 / 0.00812379525371471
Fold: 4/5. Update 73/100, Loss: 0.01422117743641138
The mean/std for all losses is:  0.007026587302312317 / 0.008062060778806142
Fold: 4/5. Update 74/100, Loss: 0.01039812434464693
The mean/std for all losses is:  0.010177811532462873 / 0.007376334546278179
Fold: 4/5. Update 75/100, Loss: 0.011440013535320759
The mean/std for all losses is:  0.005831883998834475 / 0.00706166149209144
Fold: 4/5. Update 76/100, Loss: 0.011724858544766903
The mean/std for all losses is:  0.010279505661222063 / 0.007416741827635182
Fold: 4/5. Update 77/100, Loss: 0.012172041460871696
The mean/std for all losses is:  0.006273715115345005 / 0.007428428707506332
Fold: 4/5. Update 78/100, Loss: 0.010975942015647888
The mean/std for all losses is:  0.010361744246719536 / 0.007260916910391204
Fold: 4/5. Update 79/100, Loss: 0.011184698902070522
The mean/std for all losses is:  0.006008616904524549 / 0.007165973637174928
Fold: 4/5. Update 80/100, Loss: 0.01160877849906683
The mean/std for all losses is:  0.0104710524778992 / 0.007530873912542849
Fold: 4/5. Update 81/100, Loss: 0.011767427437007427
The mean/std for all losses is:  0.005728981493100838 / 0.00683292867018173
Fold: 4/5. Update 82/100, Loss: 0.010180911980569363
The mean/std for all losses is:  0.009298914149622594 / 0.00684948619865242
Fold: 4/5. Update 83/100, Loss: 0.011124879121780396
The mean/std for all losses is:  0.0056965281945259546 / 0.006889530296802571
Fold: 4/5. Update 84/100, Loss: 0.008703152649104595
The mean/std for all losses is:  0.009061683817154678 / 0.006382333934326356
Fold: 4/5. Update 85/100, Loss: 0.008872481063008308
The mean/std for all losses is:  0.005262991091017205 / 0.006460968359697698
Fold: 4/5. Update 86/100, Loss: 0.010341562330722809
The mean/std for all losses is:  0.00967476103233587 / 0.007039747032951611
Fold: 4/5. Update 87/100, Loss: 0.013310571201145649
The mean/std for all losses is:  0.006194129584577481 / 0.007253333001216065
Fold: 4/5. Update 88/100, Loss: 0.009458032436668873
The mean/std for all losses is:  0.009117947797120243 / 0.006678685254989617
Fold: 4/5. Update 89/100, Loss: 0.01231460738927126
The mean/std for all losses is:  0.006156781528552663 / 0.007333990100402735
Fold: 4/5. Update 90/100, Loss: 0.011523069813847542
The mean/std for all losses is:  0.009623661188082437 / 0.0071901080902557835
Fold: 4/5. Update 91/100, Loss: 0.014422481879591942
The mean/std for all losses is:  0.006408713785949959 / 0.007465645064056101
Fold: 4/5. Update 92/100, Loss: 0.0074066342785954475
The mean/std for all losses is:  0.008302845184382143 / 0.006249528513135082
Fold: 4/5. Update 93/100, Loss: 0.009951407089829445
The mean/std for all losses is:  0.005718892957834682 / 0.006796918850138558
Fold: 4/5. Update 94/100, Loss: 0.01160025130957365
The mean/std for all losses is:  0.009616088426676416 / 0.006876917757016984
Fold: 4/5. Update 95/100, Loss: 0.01234221737831831
The mean/std for all losses is:  0.00591152873995612 / 0.006934672759027089
Fold: 4/5. Update 96/100, Loss: 0.011018412187695503
The mean/std for all losses is:  0.009680478171472683 / 0.007152048113370858
Fold: 4/5. Update 97/100, Loss: 0.01322048157453537
The mean/std for all losses is:  0.006005348630526308 / 0.00707765881951843
Fold: 4/5. Update 98/100, Loss: 0.009732058271765709
The mean/std for all losses is:  0.008836338609874955 / 0.006509671899736633
Fold: 4/5. Update 99/100, Loss: 0.012728008441627026
The mean/std for all losses is:  0.006082272169293537 / 0.007157781145199485
Fold: 4/5. Update 100/100, Loss: 0.009787993505597115
The mean/std for all losses is:  0.008725870098412275 / 0.006591155967435748
Fold: 4/5. Update 101/100, Loss: 0.014053384773433208
Test Loss  0.1366291046142578
Test Loss  0.6188192572444677
Avg Test Loss: 0.005837917521174224
The mean/std for all losses is:  0.9342733505159969 / 0.816153958559998
Fold: 5/5. Update 2/100, Loss: 0.028647590428590775
The mean/std for all losses is:  0.20531924815867744 / 0.516714459858181
Fold: 5/5. Update 3/100, Loss: 2.778207540512085
The mean/std for all losses is:  0.37407689603115735 / 0.7853999219948937
Fold: 5/5. Update 4/100, Loss: 0.2583571970462799
The mean/std for all losses is:  0.056936245440877144 / 0.08672582580585728
Fold: 5/5. Update 5/100, Loss: 0.0665481686592102
The mean/std for all losses is:  0.05591681280365718 / 0.11003768135844906
Fold: 5/5. Update 6/100, Loss: 0.010587573051452637
The mean/std for all losses is:  0.02637310917268277 / 0.03104665003882624
Fold: 5/5. Update 7/100, Loss: 0.0007958477945066988
The mean/std for all losses is:  0.014091156284301692 / 0.01784241093842389
Fold: 5/5. Update 8/100, Loss: 0.0905691459774971
The mean/std for all losses is:  0.019860300981513052 / 0.025815026243837833
Fold: 5/5. Update 9/100, Loss: 0.03362201526761055
The mean/std for all losses is:  0.022592931635559473 / 0.0214571210007184
Fold: 5/5. Update 10/100, Loss: 0.0010436645243316889
The mean/std for all losses is:  0.013821124005888237 / 0.020916562924272342
Fold: 5/5. Update 11/100, Loss: 0.06159616634249687
The mean/std for all losses is:  0.02097791186768264 / 0.02493717713203975
Fold: 5/5. Update 12/100, Loss: 0.0005973527440801263
The mean/std for all losses is:  0.025143453136167865 / 0.02477467795194302
Fold: 5/5. Update 13/100, Loss: 0.029195843264460564
The mean/std for all losses is:  0.012032614528295786 / 0.01581242072975241
Fold: 5/5. Update 14/100, Loss: 0.00821504183113575
The mean/std for all losses is:  0.012787972359061742 / 0.01117102077602423
Fold: 5/5. Update 15/100, Loss: 0.01514328084886074
The mean/std for all losses is:  0.03645482119849181 / 0.02821257484532079
Fold: 5/5. Update 16/100, Loss: 0.059594057500362396
The mean/std for all losses is:  0.01130821645059414 / 0.020999903664763904
Fold: 5/5. Update 17/100, Loss: 0.018694516271352768
The mean/std for all losses is:  0.0066243310294609534 / 0.007722623185721507
Fold: 5/5. Update 18/100, Loss: 0.00429992750287056
The mean/std for all losses is:  0.006926697759175628 / 0.008100676744913349
Fold: 5/5. Update 19/100, Loss: 0.01944807730615139
The mean/std for all losses is:  0.014710881814365154 / 0.010508932302938895
Fold: 5/5. Update 20/100, Loss: 0.0015003388980403543
The mean/std for all losses is:  0.014178383110921218 / 0.019671959684993627
Fold: 5/5. Update 21/100, Loss: 0.012867969460785389
The mean/std for all losses is:  0.021141619549184188 / 0.018176942403691727
Fold: 5/5. Update 22/100, Loss: 0.0004046672838740051
The mean/std for all losses is:  0.008305364488183408 / 0.007684208017183902
Fold: 5/5. Update 23/100, Loss: 0.025960581377148628
The mean/std for all losses is:  0.033979298303999234 / 0.022986410478055126
Fold: 5/5. Update 24/100, Loss: 0.021939391270279884
The mean/std for all losses is:  0.009489876242004765 / 0.012343622050532018
Fold: 5/5. Update 25/100, Loss: 0.01528522651642561
The mean/std for all losses is:  0.004932881607904913 / 0.006238531145705129
Fold: 5/5. Update 26/100, Loss: 0.0016155970515683293
The mean/std for all losses is:  0.005669117924219704 / 0.006829586871271282
Fold: 5/5. Update 27/100, Loss: 0.004700173623859882
The mean/std for all losses is:  0.014712621043860147 / 0.017931829824058602
Fold: 5/5. Update 28/100, Loss: 0.03762785717844963
The mean/std for all losses is:  0.010947593707937664 / 0.015432568219177229
Fold: 5/5. Update 29/100, Loss: 0.005303519312292337
The mean/std for all losses is:  0.00959164580739415 / 0.008294396300466593
Fold: 5/5. Update 30/100, Loss: 0.015845373272895813
The mean/std for all losses is:  0.015784244245589756 / 0.013818293860823845
Fold: 5/5. Update 31/100, Loss: 0.019911088049411774
The mean/std for all losses is:  0.020470817652772453 / 0.016794560973759115
Fold: 5/5. Update 32/100, Loss: 0.020681489259004593
The mean/std for all losses is:  0.009727954461723129 / 0.010085318357035467
Fold: 5/5. Update 33/100, Loss: 0.0067212991416454315
The mean/std for all losses is:  0.013152148062680988 / 0.010953366820039731
Fold: 5/5. Update 34/100, Loss: 0.01910802349448204
The mean/std for all losses is:  0.007871937003354854 / 0.009165083603797655
Fold: 5/5. Update 35/100, Loss: 0.006936474237591028
The mean/std for all losses is:  0.00620440552813916 / 0.005697007595406569
Fold: 5/5. Update 36/100, Loss: 0.0019458680180832744
The mean/std for all losses is:  0.009043789300067256 / 0.011703398320399433
Fold: 5/5. Update 37/100, Loss: 0.006511440966278315
The mean/std for all losses is:  0.013651289697132332 / 0.012050552879390473
Fold: 5/5. Update 38/100, Loss: 0.03621044382452965
The mean/std for all losses is:  0.013820118595206175 / 0.016815928039243144
Fold: 5/5. Update 39/100, Loss: 0.013395201414823532
The mean/std for all losses is:  0.00685665708143407 / 0.005981262974498289
Fold: 5/5. Update 40/100, Loss: 0.01495168823748827
The mean/std for all losses is:  0.006482570754915086 / 0.009282252824543698
Fold: 5/5. Update 41/100, Loss: 0.011103211902081966
The mean/std for all losses is:  0.006833509087754873 / 0.0059088533758272785
Fold: 5/5. Update 42/100, Loss: 0.0010631275363266468
The mean/std for all losses is:  0.005996613928520493 / 0.00991690531825169
Fold: 5/5. Update 43/100, Loss: 0.005364703480154276
The mean/std for all losses is:  0.006130066340561986 / 0.010075207736056156
Fold: 5/5. Update 44/100, Loss: 0.004914374556392431
The mean/std for all losses is:  0.0064072605780631205 / 0.010093922989201889
Fold: 5/5. Update 45/100, Loss: 0.01710091531276703
The mean/std for all losses is:  0.010528694967418347 / 0.009968788844096261
Fold: 5/5. Update 46/100, Loss: 0.001212080824188888
The mean/std for all losses is:  0.010425392877201402 / 0.01498772900141646
Fold: 5/5. Update 47/100, Loss: 0.014878333546221256
The mean/std for all losses is:  0.009113199056814932 / 0.0080394743839063
Fold: 5/5. Update 48/100, Loss: 0.0015845634043216705
The mean/std for all losses is:  0.0035637382502958204 / 0.006268717648250515
Fold: 5/5. Update 49/100, Loss: 0.0134861059486866
The mean/std for all losses is:  0.006116647297964732 / 0.009858962316768029
Fold: 5/5. Update 50/100, Loss: 0.0041115786880254745
The mean/std for all losses is:  0.0039465875335439275 / 0.006726205938497881
Fold: 5/5. Update 51/100, Loss: 0.00478564016520977
The mean/std for all losses is:  0.007760673351257797 / 0.01615925657638122
Fold: 5/5. Update 52/100, Loss: 0.004282820038497448
The mean/std for all losses is:  0.0025715753143190473 / 0.003797667952078722
Fold: 5/5. Update 53/100, Loss: 0.0006941031315363944
The mean/std for all losses is:  0.006098334808105539 / 0.012213082080443215
Fold: 5/5. Update 54/100, Loss: 0.0014738502213731408
The mean/std for all losses is:  0.010643355217712135 / 0.009999228559599659
Fold: 5/5. Update 55/100, Loss: 0.0020679470617324114
The mean/std for all losses is:  0.008540528368104039 / 0.008763913996913288
Fold: 5/5. Update 56/100, Loss: 0.0016390953678637743
The mean/std for all losses is:  0.008620320033825379 / 0.013726259314230483
Fold: 5/5. Update 57/100, Loss: 0.0325486995279789
The mean/std for all losses is:  0.008899505855540477 / 0.013183116992306124
Fold: 5/5. Update 58/100, Loss: 0.016425175592303276
The mean/std for all losses is:  0.006256629549234418 / 0.008200000717384179
Fold: 5/5. Update 59/100, Loss: 0.012024752795696259
The mean/std for all losses is:  0.008575491609198092 / 0.00943788361743612
Fold: 5/5. Update 60/100, Loss: 0.012583124451339245
The mean/std for all losses is:  0.00747834828416123 / 0.007492011383706751
Fold: 5/5. Update 61/100, Loss: 0.003965590614825487
The mean/std for all losses is:  0.008610291692050798 / 0.00940134757373777
Fold: 5/5. Update 62/100, Loss: 0.03493134304881096
The mean/std for all losses is:  0.014694422355017226 / 0.010864461818097486
Fold: 5/5. Update 63/100, Loss: 0.0417790561914444
The mean/std for all losses is:  0.009821053202037867 / 0.011874720305126733
Fold: 5/5. Update 64/100, Loss: 0.011445874348282814
The mean/std for all losses is:  0.005153913303750929 / 0.004700762372722932
Fold: 5/5. Update 65/100, Loss: 0.009890910238027573
The mean/std for all losses is:  0.0052255044806620654 / 0.007180840525960184
Fold: 5/5. Update 66/100, Loss: 0.012652006931602955
The mean/std for all losses is:  0.006324600579956188 / 0.010079428107119684
Fold: 5/5. Update 67/100, Loss: 0.0022414997220039368
The mean/std for all losses is:  0.0022038644735251933 / 0.003085214708603987
Fold: 5/5. Update 68/100, Loss: 0.07871265709400177
The mean/std for all losses is:  0.011048821827476345 / 0.01577225228240868
Fold: 5/5. Update 69/100, Loss: 0.009241781197488308
The mean/std for all losses is:  0.0036113385767396265 / 0.005912704864708492
Fold: 5/5. Update 70/100, Loss: 0.005299190524965525
The mean/std for all losses is:  0.0025371351747547795 / 0.0034578395364542823
Fold: 5/5. Update 71/100, Loss: 0.00044341434841044247
The mean/std for all losses is:  0.0019322038181056368 / 0.003608291040631231
Fold: 5/5. Update 72/100, Loss: 0.00036389773595146835
The mean/std for all losses is:  0.005920822285652086 / 0.006355207673490076
Fold: 5/5. Update 73/100, Loss: 0.00775148207321763
The mean/std for all losses is:  0.007576198659837868 / 0.007758995446832494
Fold: 5/5. Update 74/100, Loss: 0.022615306079387665
The mean/std for all losses is:  0.007607757689759851 / 0.006976624651301185
Fold: 5/5. Update 75/100, Loss: 0.01732800155878067
The mean/std for all losses is:  0.0032081665899421474 / 0.005881715886284801
Fold: 5/5. Update 76/100, Loss: 0.023588137701153755
The mean/std for all losses is:  0.005328164855247103 / 0.008513602796779525
Fold: 5/5. Update 77/100, Loss: 0.010912518948316574
The mean/std for all losses is:  0.007451606022532694 / 0.007415243539008256
Fold: 5/5. Update 78/100, Loss: 0.008394384756684303
The mean/std for all losses is:  0.003623069447369841 / 0.00488221511855179
Fold: 5/5. Update 79/100, Loss: 0.0006106554064899683
The mean/std for all losses is:  0.007485350405667612 / 0.006777027881023888
Fold: 5/5. Update 80/100, Loss: 0.018514716997742653
The mean/std for all losses is:  0.00861113833675444 / 0.010939263991439177
Fold: 5/5. Update 81/100, Loss: 0.0008887822623364627
The mean/std for all losses is:  0.013915305760029957 / 0.014816003373414792
Fold: 5/5. Update 82/100, Loss: 0.029862862080335617
The mean/std for all losses is:  0.00693972422344894 / 0.006790807982343455
Fold: 5/5. Update 83/100, Loss: 0.011215020902454853
The mean/std for all losses is:  0.012913229177722101 / 0.013451515624946606
Fold: 5/5. Update 84/100, Loss: 0.005594577640295029
The mean/std for all losses is:  0.003343473942645286 / 0.004066691145532872
Fold: 5/5. Update 85/100, Loss: 0.0004561963432934135
The mean/std for all losses is:  0.00458080497168687 / 0.006038944185802661
Fold: 5/5. Update 86/100, Loss: 0.0004621246480382979
The mean/std for all losses is:  0.004707683491726317 / 0.006420074710608165
Fold: 5/5. Update 87/100, Loss: 0.007023870013654232
The mean/std for all losses is:  0.007106886006390604 / 0.008239861370516372
Fold: 5/5. Update 88/100, Loss: 0.00827843975275755
The mean/std for all losses is:  0.00538301150419513 / 0.006170931047543267
Fold: 5/5. Update 89/100, Loss: 0.001817231299355626
The mean/std for all losses is:  0.0035364706452075305 / 0.0050912076350536645
Fold: 5/5. Update 90/100, Loss: 0.0036706544924527407
The mean/std for all losses is:  0.0027984365666273614 / 0.004753961734466368
Fold: 5/5. Update 91/100, Loss: 0.03633575141429901
The mean/std for all losses is:  0.004252750946480073 / 0.006035875958746437
Fold: 5/5. Update 92/100, Loss: 0.02685537189245224
The mean/std for all losses is:  0.006598982320851715 / 0.011734925769480828
Fold: 5/5. Update 93/100, Loss: 0.003396111074835062
The mean/std for all losses is:  0.004358750138006613 / 0.006601379142645845
Fold: 5/5. Update 94/100, Loss: 0.006047318689525127
The mean/std for all losses is:  0.004671385359134039 / 0.005195457454644179
Fold: 5/5. Update 95/100, Loss: 0.0019567713607102633
The mean/std for all losses is:  0.006670359719876561 / 0.011458146538595108
Fold: 5/5. Update 96/100, Loss: 0.004945058841258287
The mean/std for all losses is:  0.007385840794363904 / 0.008613668132153923
Fold: 5/5. Update 97/100, Loss: 0.0021141848992556334
The mean/std for all losses is:  0.0060746137257916355 / 0.007738097934960049
Fold: 5/5. Update 98/100, Loss: 0.0036932213697582483
The mean/std for all losses is:  0.008183404563099685 / 0.007826085268415722
Fold: 5/5. Update 99/100, Loss: 0.007113567553460598
The mean/std for all losses is:  0.0036934256962810504 / 0.004828077994595433
Fold: 5/5. Update 100/100, Loss: 0.011057988740503788
The mean/std for all losses is:  0.003636995801090747 / 0.00430340453610181
Fold: 5/5. Update 101/100, Loss: 0.0013687495375052094
Test Loss  1.3516428470611572
Test Loss  1.6810937859117985
Avg Test Loss: 0.015859375338790553
The mean/std for all losses is:  0.9476868086834803 / 0.8152053648527919
Final Train. Update 2/100, Loss: 0.04028366506099701
The mean/std for all losses is:  0.2107385548829233 / 0.5383288095417047
Final Train. Update 3/100, Loss: 3.2823305130004883
The mean/std for all losses is:  0.34461375719278936 / 0.7060064205741626
Final Train. Update 4/100, Loss: 0.21498407423496246
The mean/std for all losses is:  0.04029970040032829 / 0.0727128242918319
Final Train. Update 5/100, Loss: 0.565814197063446
The mean/std for all losses is:  0.048074287052450454 / 0.10541515145479924
Final Train. Update 6/100, Loss: 0.011770570650696754
The mean/std for all losses is:  0.023508928367642228 / 0.025159172412023905
Final Train. Update 7/100, Loss: 0.008565151132643223
The mean/std for all losses is:  0.06940634943629616 / 0.07708772221127806
Final Train. Update 8/100, Loss: 0.004759049974381924
The mean/std for all losses is:  0.0347331052731346 / 0.04572939676328456
Final Train. Update 9/100, Loss: 0.032955821603536606
The mean/std for all losses is:  0.031924589725911626 / 0.03486556064525883
Final Train. Update 10/100, Loss: 0.03204982355237007
The mean/std for all losses is:  0.024304909313417566 / 0.030759565612186207
Final Train. Update 11/100, Loss: 0.005221312399953604
The mean/std for all losses is:  0.01545184747816807 / 0.023017770001327705
Final Train. Update 12/100, Loss: 0.02202022820711136
The mean/std for all losses is:  0.025126628869051853 / 0.03602401004201939
Final Train. Update 13/100, Loss: 0.035881511867046356
The mean/std for all losses is:  0.014324819377317465 / 0.019677619953766365
Final Train. Update 14/100, Loss: 0.02923715114593506
The mean/std for all losses is:  0.021461118226843077 / 0.026830822719235294
Final Train. Update 15/100, Loss: 0.0014711261028423905
The mean/std for all losses is:  0.006263148528557989 / 0.010000119056221085
Final Train. Update 16/100, Loss: 0.0028030923567712307
The mean/std for all losses is:  0.0048287585827108985 / 0.007997134620120987
Final Train. Update 17/100, Loss: 0.032434914261102676
The mean/std for all losses is:  0.004831489495993013 / 0.008032682967435844
Final Train. Update 18/100, Loss: 0.04289105162024498
The mean/std for all losses is:  0.0077881017083044944 / 0.01140048609433616
Final Train. Update 19/100, Loss: 0.0045926389284431934
The mean/std for all losses is:  0.005300428430018502 / 0.009687962823181812
Final Train. Update 20/100, Loss: 0.013712121173739433
The mean/std for all losses is:  0.00574126637137465 / 0.009758952000026966
Final Train. Update 21/100, Loss: 0.022077566012740135
The mean/std for all losses is:  0.008125924508812736 / 0.010829310994480812
Final Train. Update 22/100, Loss: 0.0021549512166529894
The mean/std for all losses is:  0.0063864066202902435 / 0.011574631824195613
Final Train. Update 23/100, Loss: 0.010435578413307667
The mean/std for all losses is:  0.00842193639135126 / 0.012603031314990194
Final Train. Update 24/100, Loss: 0.00014974367513787001
The mean/std for all losses is:  0.012092424121642846 / 0.01682776712532689
Final Train. Update 25/100, Loss: 0.005513130687177181
The mean/std for all losses is:  0.009072261967770686 / 0.015769237385566796
Final Train. Update 26/100, Loss: 0.0004019206389784813
The mean/std for all losses is:  0.0027836605882453893 / 0.0068283161466189965
Final Train. Update 27/100, Loss: 0.004696328658610582
The mean/std for all losses is:  0.0023306738774288905 / 0.0038949344550410015
Final Train. Update 28/100, Loss: 0.013903481885790825
The mean/std for all losses is:  0.005477778979852748 / 0.007107464620386218
Final Train. Update 29/100, Loss: 0.0042047263123095036
The mean/std for all losses is:  0.0035941742736155823 / 0.005402791589183538
Final Train. Update 30/100, Loss: 0.0011880300007760525
The mean/std for all losses is:  0.002429388842877151 / 0.004037235879392062
Final Train. Update 31/100, Loss: 0.004643264692276716
The mean/std for all losses is:  0.006398142131245589 / 0.013178784610497537
Final Train. Update 32/100, Loss: 0.008456407114863396
The mean/std for all losses is:  0.004743702777546948 / 0.008279628300009109
Final Train. Update 33/100, Loss: 0.004178121220320463
The mean/std for all losses is:  0.0026653938180427467 / 0.003980193450383655
Final Train. Update 34/100, Loss: 0.013668565079569817
The mean/std for all losses is:  0.004882649134400681 / 0.006551353340977813
Final Train. Update 35/100, Loss: 0.044681988656520844
The mean/std for all losses is:  0.006854136014387138 / 0.00817996819172359
Final Train. Update 36/100, Loss: 0.061198875308036804
The mean/std for all losses is:  0.00613509589039284 / 0.012069328555253347
Final Train. Update 37/100, Loss: 0.006802817806601524
The mean/std for all losses is:  0.002554572702392219 / 0.004255360541823888
Final Train. Update 38/100, Loss: 0.015461648814380169
The mean/std for all losses is:  0.003650352334002369 / 0.0060897870306999904
Final Train. Update 39/100, Loss: 0.002582110231742263
The mean/std for all losses is:  0.00394835727373269 / 0.006446984664003579
Final Train. Update 40/100, Loss: 0.00048584051546640694
The mean/std for all losses is:  0.01201547518353118 / 0.01442052631990928
Final Train. Update 41/100, Loss: 0.0011214754777029157
The mean/std for all losses is:  0.005574084508524567 / 0.00886546397116686
Final Train. Update 42/100, Loss: 0.0017534795915707946
The mean/std for all losses is:  0.003127924952363674 / 0.00768043383895336
Final Train. Update 43/100, Loss: 0.001331485458649695
The mean/std for all losses is:  0.0038917010517647826 / 0.00665601276664259
Final Train. Update 44/100, Loss: 0.0008095363737083972
The mean/std for all losses is:  0.0054079104527407305 / 0.00728823580005815
Final Train. Update 45/100, Loss: 0.005452194716781378
The mean/std for all losses is:  0.004054930047945499 / 0.004422475484461634
Final Train. Update 46/100, Loss: 0.07480674982070923
The mean/std for all losses is:  0.008909793756989545 / 0.014034364526919366
Final Train. Update 47/100, Loss: 0.021926702931523323
The mean/std for all losses is:  0.009205692443616815 / 0.013570819375044289
Final Train. Update 48/100, Loss: 0.01548600010573864
The mean/std for all losses is:  0.008837196326574863 / 0.011913934086797579
Final Train. Update 49/100, Loss: 0.0002213808911619708
The mean/std for all losses is:  0.0056768354887699116 / 0.008492501633038656
Final Train. Update 50/100, Loss: 0.012509910389780998
The mean/std for all losses is:  0.008458134919152357 / 0.005973397428734573
Final Train. Update 51/100, Loss: 0.007206750568002462
The mean/std for all losses is:  0.0014633436118235527 / 0.0022429842319401476
Final Train. Update 52/100, Loss: 0.0020916052162647247
The mean/std for all losses is:  0.0026886737122255215 / 0.003449056748802723
Final Train. Update 53/100, Loss: 0.0028566564433276653
The mean/std for all losses is:  0.0027934957579302468 / 0.005538509608112102
Final Train. Update 54/100, Loss: 0.0006204485544003546
The mean/std for all losses is:  0.002373673243755341 / 0.004006753236664545
Final Train. Update 55/100, Loss: 0.027799326926469803
The mean/std for all losses is:  0.004019379343103864 / 0.00614992484015201
Final Train. Update 56/100, Loss: 0.00028184326947666705
The mean/std for all losses is:  0.0029635028208863648 / 0.007307450188617182
Final Train. Update 57/100, Loss: 0.00045063169091008604
The mean/std for all losses is:  0.00643652063000838 / 0.006480031626830833
Final Train. Update 58/100, Loss: 0.020674604922533035
The mean/std for all losses is:  0.004207482041655897 / 0.006915332274427181
Final Train. Update 59/100, Loss: 0.013280554674565792
The mean/std for all losses is:  0.003436742788980952 / 0.004981867468596217
Final Train. Update 60/100, Loss: 0.018199816346168518
The mean/std for all losses is:  0.0029177320306700495 / 0.004660155577986893
Final Train. Update 61/100, Loss: 0.005627320148050785
The mean/std for all losses is:  0.0013494350928570772 / 0.0022280360601033577
Final Train. Update 62/100, Loss: 0.00015442576841451228
The mean/std for all losses is:  0.0019437216367817701 / 0.0030441907468381985
Final Train. Update 63/100, Loss: 0.03323184698820114
The mean/std for all losses is:  0.0035192980982813164 / 0.005720529924652157
Final Train. Update 64/100, Loss: 0.005777582060545683
The mean/std for all losses is:  0.004181166582282999 / 0.004151458213343194
Final Train. Update 65/100, Loss: 0.007842496037483215
The mean/std for all losses is:  0.002675911425678027 / 0.003459541623038384
Final Train. Update 66/100, Loss: 0.0036363101098686457
The mean/std for all losses is:  0.005273505665236909 / 0.007190834491430781
Final Train. Update 67/100, Loss: 0.019350435584783554
The mean/std for all losses is:  0.002094329518294113 / 0.002958858135115517
Final Train. Update 68/100, Loss: 0.023479394614696503
The mean/std for all losses is:  0.00409094973581809 / 0.00580866176236697
Final Train. Update 69/100, Loss: 0.0027873138897120953
The mean/std for all losses is:  0.0021926405581178653 / 0.003051126273849848
Final Train. Update 70/100, Loss: 0.0015670476714149117
The mean/std for all losses is:  0.0021780553961947137 / 0.0028063552468546647
Final Train. Update 71/100, Loss: 0.005043040029704571
The mean/std for all losses is:  0.0031413157323678 / 0.0034507660644217046
Final Train. Update 72/100, Loss: 0.0010822444455698133
The mean/std for all losses is:  0.0022506062032018677 / 0.0024303197368099106
Final Train. Update 73/100, Loss: 0.013997245579957962
The mean/std for all losses is:  0.009239191201835521 / 0.007267386873282914
Final Train. Update 74/100, Loss: 0.005032178945839405
The mean/std for all losses is:  0.006442263800868841 / 0.006815254786322721
Final Train. Update 75/100, Loss: 0.002310056472197175
The mean/std for all losses is:  0.00307841361985263 / 0.00505802414093525
Final Train. Update 76/100, Loss: 0.035351984202861786
The mean/std for all losses is:  0.009758133012541716 / 0.008393837772247793
Final Train. Update 77/100, Loss: 0.018217848613858223
The mean/std for all losses is:  0.0034188100069016862 / 0.004494019183233796
Final Train. Update 78/100, Loss: 0.008553965948522091
The mean/std for all losses is:  0.00549879563532585 / 0.008959421119657895
Final Train. Update 79/100, Loss: 0.007777507416903973
The mean/std for all losses is:  0.009221743211653276 / 0.008413950347547461
Final Train. Update 80/100, Loss: 0.0005751799326390028
The mean/std for all losses is:  0.005719415971034298 / 0.010063227011171245
Final Train. Update 81/100, Loss: 0.013876036740839481
The mean/std for all losses is:  0.005829115540422101 / 0.008094427434864883
Final Train. Update 82/100, Loss: 0.011934029869735241
The mean/std for all losses is:  0.011022965352837654 / 0.01383609495483811
Final Train. Update 83/100, Loss: 0.05747689679265022
The mean/std for all losses is:  0.004858423494064647 / 0.009269398113611473
Final Train. Update 84/100, Loss: 0.0032910823356360197
The mean/std for all losses is:  0.004538496997304458 / 0.00440979125302567
Final Train. Update 85/100, Loss: 0.008289908058941364
The mean/std for all losses is:  0.004013283209636667 / 0.00587438407517492
Final Train. Update 86/100, Loss: 0.0062502422370016575
The mean/std for all losses is:  0.002748211773592375 / 0.002707767590126946
Final Train. Update 87/100, Loss: 0.011838915757834911
The mean/std for all losses is:  0.0047664425403359184 / 0.0062892000442408185
Final Train. Update 88/100, Loss: 0.006811261177062988
The mean/std for all losses is:  0.004576387912016521 / 0.007134162390801581
Final Train. Update 89/100, Loss: 0.009899633936583996
The mean/std for all losses is:  0.004038730432092657 / 0.006183492148155527
Final Train. Update 90/100, Loss: 0.012848539277911186
The mean/std for all losses is:  0.0059223193606103 / 0.0061471969077741655
Final Train. Update 91/100, Loss: 0.0006326850852929056
The mean/std for all losses is:  0.004268056329864602 / 0.006281569172971217
Final Train. Update 92/100, Loss: 0.00552176870405674
The mean/std for all losses is:  0.004078372390445629 / 0.003935376283428513
Final Train. Update 93/100, Loss: 0.03041364625096321
The mean/std for all losses is:  0.004747090755550332 / 0.0066263024312570515
Final Train. Update 94/100, Loss: 0.0035170449409633875
The mean/std for all losses is:  0.0008090898796159297 / 0.0014961148819713779
Final Train. Update 95/100, Loss: 0.005703581962734461
The mean/std for all losses is:  0.0011202382474522344 / 0.0017019805746273176
Final Train. Update 96/100, Loss: 0.0010413837153464556
The mean/std for all losses is:  0.006778971156898783 / 0.005738220698929965
Final Train. Update 97/100, Loss: 0.013177810236811638
The mean/std for all losses is:  0.008136929566357325 / 0.008900869389759316
Final Train. Update 98/100, Loss: 0.020230036228895187
The mean/std for all losses is:  0.005834628482690105 / 0.010927290100873725
Final Train. Update 99/100, Loss: 0.003399807494133711
The mean/std for all losses is:  0.0035048706344157046 / 0.007198298033760188
Final Train. Update 100/100, Loss: 0.00991602148860693
The mean/std for all losses is:  0.0034989874729768294 / 0.0060410338041926885
Final Train. Update 101/100, Loss: 0.008378461934626102
Average Loss from K-Fold Cross Validation: 0.009824779505585735
Test Loss  0.7333945035934448
Test Loss  1.1296308934688568
Test Loss  1.6514568030834198
Test Loss  1.7783990502357483
Test Loss  1.847902499139309
Test Loss  1.9403275474905968
Test Loss  2.036015883088112
Test Loss  2.1071599796414375
Test Loss  2.211459440179169
Avg Test Loss: 0.004164707043651919
